17:03:44.637560
17:04:45.152467
17:04:46.157719
17:04:47.159393
17:04:48.162287
17:04:49.163324
17:04:50.165525
17:04:51.166328
17:04:52.170388
17:04:53.170594
17:04:54.172862
17:04:55.178190
17:04:56.179556
17:04:57.184740
17:04:58.187302
17:04:59.187954
17:05:00.190587
17:05:01.190909
17:05:02.192243
17:05:03.192856
17:05:04.193439
17:05:05.193561
17:05:06.193657
17:05:07.198004
17:05:08.198812
17:05:09.201435
17:05:10.206701
17:05:11.207755
17:05:12.212891
17:05:13.213700
17:05:14.216742
17:05:15.218255
17:05:16.221329
17:05:17.226585
17:05:18.229674
17:05:19.231120
17:05:20.236174
17:05:21.236483
17:05:22.240128
17:05:23.240786
17:05:24.245006
17:05:25.248638
17:05:26.250449
17:05:27.253824
17:05:28.259102
17:05:29.263697
17:05:30.269216
17:05:31.274727
17:05:32.280275
17:05:33.285564
17:05:34.289438
17:08:33.313600


17:08:34.317783


17:08:35.323010


17:08:36.325027


17:08:37.330299


17:08:38.331563


17:08:39.336837


17:08:40.342098


17:08:41.343232


17:08:42.348501


17:08:43.349589


17:08:44.355079


17:08:45.360555


17:08:46.365806


17:08:47.371079


17:08:48.371190


17:08:49.374699


17:08:50.378486


17:08:51.383787


17:08:52.388753


17:08:53.388950


17:08:54.391144


17:08:55.396392


17:08:56.399447


17:08:57.404960


17:08:58.410452


17:08:59.412732


17:09:00.418215


17:09:01.423010


17:09:02.428473


17:09:03.433953


17:09:04.434760


17:09:05.435726


17:09:06.439556


17:09:07.445029


17:09:08.447702


17:09:09.449112


17:09:10.453417


17:09:11.456221


17:09:12.460341


17:09:13.465521


17:09:14.471062


17:09:15.474012


17:09:16.476311


17:09:17.479222


17:09:18.480433


17:09:19.485972


17:09:20.490917


17:09:21.491243


17:09:22.496498


objc[39403]: Class QCocoaPageLayoutDelegate is implemented in both /usr/local/lib/python3.7/site-packages/cv2/.dylibs/QtGui (0x1176b2260) and /usr/local/lib/python3.7/site-packages/PyQt5/Qt/lib/QtPrintSupport.framework/Versions/5/QtPrintSupport (0x1227b3f40). One of the two will be used. Which one is undefined.
objc[39403]: Class QCocoaPrintPanelDelegate is implemented in both /usr/local/lib/python3.7/site-packages/cv2/.dylibs/QtGui (0x1176b22d8) and /usr/local/lib/python3.7/site-packages/PyQt5/Qt/lib/QtPrintSupport.framework/Versions/5/QtPrintSupport (0x1227b3f90). One of the two will be used. Which one is undefined.
objc[39403]: Class QCocoaApplicationDelegate is implemented in both /usr/local/lib/python3.7/site-packages/cv2/.dylibs/QtGui (0x1176b1fe0) and /usr/local/lib/python3.7/site-packages/PyQt5/Qt/plugins/platforms/libqcocoa.dylib (0x124cee828). One of the two will be used. Which one is undefined.
objc[39403]: Class QNSApplication is implemented in both /usr/local/lib/python3.7/site-packages/cv2/.dylibs/QtGui (0x1176b1f90) and /usr/local/lib/python3.7/site-packages/PyQt5/Qt/plugins/platforms/libqcocoa.dylib (0x124cee878). One of the two will be used. Which one is undefined.
objc[39403]: Class QCocoaMenuLoader is implemented in both /usr/local/lib/python3.7/site-packages/cv2/.dylibs/QtGui (0x1176b1f40) and /usr/local/lib/python3.7/site-packages/PyQt5/Qt/plugins/platforms/libqcocoa.dylib (0x124cee968). One of the two will be used. Which one is undefined.
objc[39403]: Class QNSImageView is implemented in both /usr/local/lib/python3.7/site-packages/cv2/.dylibs/QtGui (0x1176b2300) and /usr/local/lib/python3.7/site-packages/PyQt5/Qt/plugins/platforms/libqcocoa.dylib (0x124ceea58). One of the two will be used. Which one is undefined.
objc[39403]: Class QNSStatusItem is implemented in both /usr/local/lib/python3.7/site-packages/cv2/.dylibs/QtGui (0x1176b2350) and /usr/local/lib/python3.7/site-packages/PyQt5/Qt/plugins/platforms/libqcocoa.dylib (0x124ceeaa8). One of the two will be used. Which one is undefined.
objc[39403]: Class QNSOpenSavePanelDelegate is implemented in both /usr/local/lib/python3.7/site-packages/cv2/.dylibs/QtGui (0x1176b2120) and /usr/local/lib/python3.7/site-packages/PyQt5/Qt/plugins/platforms/libqcocoa.dylib (0x124ceeb48). One of the two will be used. Which one is undefined.
objc[39408]: Class QCocoaPageLayoutDelegate is implemented in both /usr/local/lib/python3.7/site-packages/cv2/.dylibs/QtGui (0x10bdc7260) and /usr/local/lib/python3.7/site-packages/PyQt5/Qt/lib/QtPrintSupport.framework/Versions/5/QtPrintSupport (0x1193cef40). One of the two will be used. Which one is undefined.
objc[39408]: Class QCocoaPrintPanelDelegate is implemented in both /usr/local/lib/python3.7/site-packages/cv2/.dylibs/QtGui (0x10bdc72d8) and /usr/local/lib/python3.7/site-packages/PyQt5/Qt/lib/QtPrintSupport.framework/Versions/5/QtPrintSupport (0x1193cef90). One of the two will be used. Which one is undefined.
objc[39408]: Class QCocoaApplicationDelegate is implemented in both /usr/local/lib/python3.7/site-packages/cv2/.dylibs/QtGui (0x10bdc6fe0) and /usr/local/lib/python3.7/site-packages/PyQt5/Qt/plugins/platforms/libqcocoa.dylib (0x11936e828). One of the two will be used. Which one is undefined.
objc[39408]: Class QNSApplication is implemented in both /usr/local/lib/python3.7/site-packages/cv2/.dylibs/QtGui (0x10bdc6f90) and /usr/local/lib/python3.7/site-packages/PyQt5/Qt/plugins/platforms/libqcocoa.dylib (0x11936e878). One of the two will be used. Which one is undefined.
objc[39408]: Class QCocoaMenuLoader is implemented in both /usr/local/lib/python3.7/site-packages/cv2/.dylibs/QtGui (0x10bdc6f40) and /usr/local/lib/python3.7/site-packages/PyQt5/Qt/plugins/platforms/libqcocoa.dylib (0x11936e968). One of the two will be used. Which one is undefined.
objc[39408]: Class QNSImageView is implemented in both /usr/local/lib/python3.7/site-packages/cv2/.dylibs/QtGui (0x10bdc7300) and /usr/local/lib/python3.7/site-packages/PyQt5/Qt/plugins/platforms/libqcocoa.dylib (0x11936ea58). One of the two will be used. Which one is undefined.
objc[39408]: Class QNSStatusItem is implemented in both /usr/local/lib/python3.7/site-packages/cv2/.dylibs/QtGui (0x10bdc7350) and /usr/local/lib/python3.7/site-packages/PyQt5/Qt/plugins/platforms/libqcocoa.dylib (0x11936eaa8). One of the two will be used. Which one is undefined.
objc[39408]: Class QNSOpenSavePanelDelegate is implemented in both /usr/local/lib/python3.7/site-packages/cv2/.dylibs/QtGui (0x10bdc7120) and /usr/local/lib/python3.7/site-packages/PyQt5/Qt/plugins/platforms/libqcocoa.dylib (0x11936eb48). One of the two will be used. Which one is undefined.
objc[39411]: Class QCocoaPageLayoutDelegate is implemented in both /usr/local/lib/python3.7/site-packages/cv2/.dylibs/QtGui (0x11652f260) and /usr/local/lib/python3.7/site-packages/PyQt5/Qt/lib/QtPrintSupport.framework/Versions/5/QtPrintSupport (0x123b4ef40). One of the two will be used. Which one is undefined.
objc[39411]: Class QCocoaPrintPanelDelegate is implemented in both /usr/local/lib/python3.7/site-packages/cv2/.dylibs/QtGui (0x11652f2d8) and /usr/local/lib/python3.7/site-packages/PyQt5/Qt/lib/QtPrintSupport.framework/Versions/5/QtPrintSupport (0x123b4ef90). One of the two will be used. Which one is undefined.
objc[39411]: Class QCocoaApplicationDelegate is implemented in both /usr/local/lib/python3.7/site-packages/cv2/.dylibs/QtGui (0x11652efe0) and /usr/local/lib/python3.7/site-packages/PyQt5/Qt/plugins/platforms/libqcocoa.dylib (0x123aee828). One of the two will be used. Which one is undefined.
objc[39411]: Class QNSApplication is implemented in both /usr/local/lib/python3.7/site-packages/cv2/.dylibs/QtGui (0x11652ef90) and /usr/local/lib/python3.7/site-packages/PyQt5/Qt/plugins/platforms/libqcocoa.dylib (0x123aee878). One of the two will be used. Which one is undefined.
objc[39411]: Class QCocoaMenuLoader is implemented in both /usr/local/lib/python3.7/site-packages/cv2/.dylibs/QtGui (0x11652ef40) and /usr/local/lib/python3.7/site-packages/PyQt5/Qt/plugins/platforms/libqcocoa.dylib (0x123aee968). One of the two will be used. Which one is undefined.
objc[39411]: Class QNSImageView is implemented in both /usr/local/lib/python3.7/site-packages/cv2/.dylibs/QtGui (0x11652f300) and /usr/local/lib/python3.7/site-packages/PyQt5/Qt/plugins/platforms/libqcocoa.dylib (0x123aeea58). One of the two will be used. Which one is undefined.
objc[39411]: Class QNSStatusItem is implemented in both /usr/local/lib/python3.7/site-packages/cv2/.dylibs/QtGui (0x11652f350) and /usr/local/lib/python3.7/site-packages/PyQt5/Qt/plugins/platforms/libqcocoa.dylib (0x123aeeaa8). One of the two will be used. Which one is undefined.
objc[39411]: Class QNSOpenSavePanelDelegate is implemented in both /usr/local/lib/python3.7/site-packages/cv2/.dylibs/QtGui (0x11652f120) and /usr/local/lib/python3.7/site-packages/PyQt5/Qt/plugins/platforms/libqcocoa.dylib (0x123aeeb48). One of the two will be used. Which one is undefined.
objc[39414]: Class QCocoaPageLayoutDelegate is implemented in both /usr/local/lib/python3.7/site-packages/cv2/.dylibs/QtGui (0x112c78260) and /usr/local/lib/python3.7/site-packages/PyQt5/Qt/lib/QtPrintSupport.framework/Versions/5/QtPrintSupport (0x11ddcdf40). One of the two will be used. Which one is undefined.
objc[39414]: Class QCocoaPrintPanelDelegate is implemented in both /usr/local/lib/python3.7/site-packages/cv2/.dylibs/QtGui (0x112c782d8) and /usr/local/lib/python3.7/site-packages/PyQt5/Qt/lib/QtPrintSupport.framework/Versions/5/QtPrintSupport (0x11ddcdf90). One of the two will be used. Which one is undefined.
objc[39414]: Class QCocoaApplicationDelegate is implemented in both /usr/local/lib/python3.7/site-packages/cv2/.dylibs/QtGui (0x112c77fe0) and /usr/local/lib/python3.7/site-packages/PyQt5/Qt/plugins/platforms/libqcocoa.dylib (0x1202ee828). One of the two will be used. Which one is undefined.
objc[39414]: Class QNSApplication is implemented in both /usr/local/lib/python3.7/site-packages/cv2/.dylibs/QtGui (0x112c77f90) and /usr/local/lib/python3.7/site-packages/PyQt5/Qt/plugins/platforms/libqcocoa.dylib (0x1202ee878). One of the two will be used. Which one is undefined.
objc[39414]: Class QCocoaMenuLoader is implemented in both /usr/local/lib/python3.7/site-packages/cv2/.dylibs/QtGui (0x112c77f40) and /usr/local/lib/python3.7/site-packages/PyQt5/Qt/plugins/platforms/libqcocoa.dylib (0x1202ee968). One of the two will be used. Which one is undefined.
objc[39414]: Class QNSImageView is implemented in both /usr/local/lib/python3.7/site-packages/cv2/.dylibs/QtGui (0x112c78300) and /usr/local/lib/python3.7/site-packages/PyQt5/Qt/plugins/platforms/libqcocoa.dylib (0x1202eea58). One of the two will be used. Which one is undefined.
objc[39414]: Class QNSStatusItem is implemented in both /usr/local/lib/python3.7/site-packages/cv2/.dylibs/QtGui (0x112c78350) and /usr/local/lib/python3.7/site-packages/PyQt5/Qt/plugins/platforms/libqcocoa.dylib (0x1202eeaa8). One of the two will be used. Which one is undefined.
objc[39414]: Class QNSOpenSavePanelDelegate is implemented in both /usr/local/lib/python3.7/site-packages/cv2/.dylibs/QtGui (0x112c78120) and /usr/local/lib/python3.7/site-packages/PyQt5/Qt/plugins/platforms/libqcocoa.dylib (0x1202eeb48). One of the two will be used. Which one is undefined.
Getting the upcoming 10 events
objc[39419]: Class QCocoaPageLayoutDelegate is implemented in both /usr/local/lib/python3.7/site-packages/cv2/.dylibs/QtGui (0x116568260) and /usr/local/lib/python3.7/site-packages/PyQt5/Qt/lib/QtPrintSupport.framework/Versions/5/QtPrintSupport (0x123c0ef40). One of the two will be used. Which one is undefined.
objc[39419]: Class QCocoaPrintPanelDelegate is implemented in both /usr/local/lib/python3.7/site-packages/cv2/.dylibs/QtGui (0x1165682d8) and /usr/local/lib/python3.7/site-packages/PyQt5/Qt/lib/QtPrintSupport.framework/Versions/5/QtPrintSupport (0x123c0ef90). One of the two will be used. Which one is undefined.
objc[39419]: Class QCocoaApplicationDelegate is implemented in both /usr/local/lib/python3.7/site-packages/cv2/.dylibs/QtGui (0x116567fe0) and /usr/local/lib/python3.7/site-packages/PyQt5/Qt/plugins/platforms/libqcocoa.dylib (0x123bae828). One of the two will be used. Which one is undefined.
objc[39419]: Class QNSApplication is implemented in both /usr/local/lib/python3.7/site-packages/cv2/.dylibs/QtGui (0x116567f90) and /usr/local/lib/python3.7/site-packages/PyQt5/Qt/plugins/platforms/libqcocoa.dylib (0x123bae878). One of the two will be used. Which one is undefined.
objc[39419]: Class QCocoaMenuLoader is implemented in both /usr/local/lib/python3.7/site-packages/cv2/.dylibs/QtGui (0x116567f40) and /usr/local/lib/python3.7/site-packages/PyQt5/Qt/plugins/platforms/libqcocoa.dylib (0x123bae968). One of the two will be used. Which one is undefined.
objc[39419]: Class QNSImageView is implemented in both /usr/local/lib/python3.7/site-packages/cv2/.dylibs/QtGui (0x116568300) and /usr/local/lib/python3.7/site-packages/PyQt5/Qt/plugins/platforms/libqcocoa.dylib (0x123baea58). One of the two will be used. Which one is undefined.
objc[39419]: Class QNSStatusItem is implemented in both /usr/local/lib/python3.7/site-packages/cv2/.dylibs/QtGui (0x116568350) and /usr/local/lib/python3.7/site-packages/PyQt5/Qt/plugins/platforms/libqcocoa.dylib (0x123baeaa8). One of the two will be used. Which one is undefined.
objc[39419]: Class QNSOpenSavePanelDelegate is implemented in both /usr/local/lib/python3.7/site-packages/cv2/.dylibs/QtGui (0x116568120) and /usr/local/lib/python3.7/site-packages/PyQt5/Qt/plugins/platforms/libqcocoa.dylib (0x123baeb48). One of the two will be used. Which one is undefined.
Getting the upcoming 10 events
objc[39422]: Class QCocoaPageLayoutDelegate is implemented in both /usr/local/lib/python3.7/site-packages/cv2/.dylibs/QtGui (0x10b81c260) and /usr/local/lib/python3.7/site-packages/PyQt5/Qt/lib/QtPrintSupport.framework/Versions/5/QtPrintSupport (0x116971f40). One of the two will be used. Which one is undefined.
objc[39422]: Class QCocoaPrintPanelDelegate is implemented in both /usr/local/lib/python3.7/site-packages/cv2/.dylibs/QtGui (0x10b81c2d8) and /usr/local/lib/python3.7/site-packages/PyQt5/Qt/lib/QtPrintSupport.framework/Versions/5/QtPrintSupport (0x116971f90). One of the two will be used. Which one is undefined.
objc[39422]: Class QCocoaApplicationDelegate is implemented in both /usr/local/lib/python3.7/site-packages/cv2/.dylibs/QtGui (0x10b81bfe0) and /usr/local/lib/python3.7/site-packages/PyQt5/Qt/plugins/platforms/libqcocoa.dylib (0x118eee828). One of the two will be used. Which one is undefined.
objc[39422]: Class QNSApplication is implemented in both /usr/local/lib/python3.7/site-packages/cv2/.dylibs/QtGui (0x10b81bf90) and /usr/local/lib/python3.7/site-packages/PyQt5/Qt/plugins/platforms/libqcocoa.dylib (0x118eee878). One of the two will be used. Which one is undefined.
objc[39422]: Class QCocoaMenuLoader is implemented in both /usr/local/lib/python3.7/site-packages/cv2/.dylibs/QtGui (0x10b81bf40) and /usr/local/lib/python3.7/site-packages/PyQt5/Qt/plugins/platforms/libqcocoa.dylib (0x118eee968). One of the two will be used. Which one is undefined.
objc[39422]: Class QNSImageView is implemented in both /usr/local/lib/python3.7/site-packages/cv2/.dylibs/QtGui (0x10b81c300) and /usr/local/lib/python3.7/site-packages/PyQt5/Qt/plugins/platforms/libqcocoa.dylib (0x118eeea58). One of the two will be used. Which one is undefined.
objc[39422]: Class QNSStatusItem is implemented in both /usr/local/lib/python3.7/site-packages/cv2/.dylibs/QtGui (0x10b81c350) and /usr/local/lib/python3.7/site-packages/PyQt5/Qt/plugins/platforms/libqcocoa.dylib (0x118eeeaa8). One of the two will be used. Which one is undefined.
objc[39422]: Class QNSOpenSavePanelDelegate is implemented in both /usr/local/lib/python3.7/site-packages/cv2/.dylibs/QtGui (0x10b81c120) and /usr/local/lib/python3.7/site-packages/PyQt5/Qt/plugins/platforms/libqcocoa.dylib (0x118eeeb48). One of the two will be used. Which one is undefined.
objc[39424]: Class QCocoaPageLayoutDelegate is implemented in both /usr/local/lib/python3.7/site-packages/cv2/.dylibs/QtGui (0x115d4f260) and /usr/local/lib/python3.7/site-packages/PyQt5/Qt/lib/QtPrintSupport.framework/Versions/5/QtPrintSupport (0x12334ef40). One of the two will be used. Which one is undefined.
objc[39424]: Class QCocoaPrintPanelDelegate is implemented in both /usr/local/lib/python3.7/site-packages/cv2/.dylibs/QtGui (0x115d4f2d8) and /usr/local/lib/python3.7/site-packages/PyQt5/Qt/lib/QtPrintSupport.framework/Versions/5/QtPrintSupport (0x12334ef90). One of the two will be used. Which one is undefined.
objc[39424]: Class QCocoaApplicationDelegate is implemented in both /usr/local/lib/python3.7/site-packages/cv2/.dylibs/QtGui (0x115d4efe0) and /usr/local/lib/python3.7/site-packages/PyQt5/Qt/plugins/platforms/libqcocoa.dylib (0x1232ee828). One of the two will be used. Which one is undefined.
objc[39424]: Class QNSApplication is implemented in both /usr/local/lib/python3.7/site-packages/cv2/.dylibs/QtGui (0x115d4ef90) and /usr/local/lib/python3.7/site-packages/PyQt5/Qt/plugins/platforms/libqcocoa.dylib (0x1232ee878). One of the two will be used. Which one is undefined.
objc[39424]: Class QCocoaMenuLoader is implemented in both /usr/local/lib/python3.7/site-packages/cv2/.dylibs/QtGui (0x115d4ef40) and /usr/local/lib/python3.7/site-packages/PyQt5/Qt/plugins/platforms/libqcocoa.dylib (0x1232ee968). One of the two will be used. Which one is undefined.
objc[39424]: Class QNSImageView is implemented in both /usr/local/lib/python3.7/site-packages/cv2/.dylibs/QtGui (0x115d4f300) and /usr/local/lib/python3.7/site-packages/PyQt5/Qt/plugins/platforms/libqcocoa.dylib (0x1232eea58). One of the two will be used. Which one is undefined.
objc[39424]: Class QNSStatusItem is implemented in both /usr/local/lib/python3.7/site-packages/cv2/.dylibs/QtGui (0x115d4f350) and /usr/local/lib/python3.7/site-packages/PyQt5/Qt/plugins/platforms/libqcocoa.dylib (0x1232eeaa8). One of the two will be used. Which one is undefined.
objc[39424]: Class QNSOpenSavePanelDelegate is implemented in both /usr/local/lib/python3.7/site-packages/cv2/.dylibs/QtGui (0x115d4f120) and /usr/local/lib/python3.7/site-packages/PyQt5/Qt/plugins/platforms/libqcocoa.dylib (0x1232eeb48). One of the two will be used. Which one is undefined.
objc[39433]: Class QCocoaPageLayoutDelegate is implemented in both /usr/local/lib/python3.7/site-packages/cv2/.dylibs/QtGui (0x10abaa260) and /usr/local/lib/python3.7/site-packages/PyQt5/Qt/lib/QtPrintSupport.framework/Versions/5/QtPrintSupport (0x11824ef40). One of the two will be used. Which one is undefined.
objc[39433]: Class QCocoaPrintPanelDelegate is implemented in both /usr/local/lib/python3.7/site-packages/cv2/.dylibs/QtGui (0x10abaa2d8) and /usr/local/lib/python3.7/site-packages/PyQt5/Qt/lib/QtPrintSupport.framework/Versions/5/QtPrintSupport (0x11824ef90). One of the two will be used. Which one is undefined.
objc[39433]: Class QCocoaApplicationDelegate is implemented in both /usr/local/lib/python3.7/site-packages/cv2/.dylibs/QtGui (0x10aba9fe0) and /usr/local/lib/python3.7/site-packages/PyQt5/Qt/plugins/platforms/libqcocoa.dylib (0x1181ee828). One of the two will be used. Which one is undefined.
objc[39433]: Class QNSApplication is implemented in both /usr/local/lib/python3.7/site-packages/cv2/.dylibs/QtGui (0x10aba9f90) and /usr/local/lib/python3.7/site-packages/PyQt5/Qt/plugins/platforms/libqcocoa.dylib (0x1181ee878). One of the two will be used. Which one is undefined.
objc[39433]: Class QCocoaMenuLoader is implemented in both /usr/local/lib/python3.7/site-packages/cv2/.dylibs/QtGui (0x10aba9f40) and /usr/local/lib/python3.7/site-packages/PyQt5/Qt/plugins/platforms/libqcocoa.dylib (0x1181ee968). One of the two will be used. Which one is undefined.
objc[39433]: Class QNSImageView is implemented in both /usr/local/lib/python3.7/site-packages/cv2/.dylibs/QtGui (0x10abaa300) and /usr/local/lib/python3.7/site-packages/PyQt5/Qt/plugins/platforms/libqcocoa.dylib (0x1181eea58). One of the two will be used. Which one is undefined.
objc[39433]: Class QNSStatusItem is implemented in both /usr/local/lib/python3.7/site-packages/cv2/.dylibs/QtGui (0x10abaa350) and /usr/local/lib/python3.7/site-packages/PyQt5/Qt/plugins/platforms/libqcocoa.dylib (0x1181eeaa8). One of the two will be used. Which one is undefined.
objc[39433]: Class QNSOpenSavePanelDelegate is implemented in both /usr/local/lib/python3.7/site-packages/cv2/.dylibs/QtGui (0x10abaa120) and /usr/local/lib/python3.7/site-packages/PyQt5/Qt/plugins/platforms/libqcocoa.dylib (0x1181eeb48). One of the two will be used. Which one is undefined.
objc[39438]: Class QCocoaPageLayoutDelegate is implemented in both /usr/local/lib/python3.7/site-packages/cv2/.dylibs/QtGui (0x1093c6260) and /usr/local/lib/python3.7/site-packages/PyQt5/Qt/lib/QtPrintSupport.framework/Versions/5/QtPrintSupport (0x116a4ef40). One of the two will be used. Which one is undefined.
objc[39438]: Class QCocoaPrintPanelDelegate is implemented in both /usr/local/lib/python3.7/site-packages/cv2/.dylibs/QtGui (0x1093c62d8) and /usr/local/lib/python3.7/site-packages/PyQt5/Qt/lib/QtPrintSupport.framework/Versions/5/QtPrintSupport (0x116a4ef90). One of the two will be used. Which one is undefined.
objc[39438]: Class QCocoaApplicationDelegate is implemented in both /usr/local/lib/python3.7/site-packages/cv2/.dylibs/QtGui (0x1093c5fe0) and /usr/local/lib/python3.7/site-packages/PyQt5/Qt/plugins/platforms/libqcocoa.dylib (0x1169ee828). One of the two will be used. Which one is undefined.
objc[39438]: Class QNSApplication is implemented in both /usr/local/lib/python3.7/site-packages/cv2/.dylibs/QtGui (0x1093c5f90) and /usr/local/lib/python3.7/site-packages/PyQt5/Qt/plugins/platforms/libqcocoa.dylib (0x1169ee878). One of the two will be used. Which one is undefined.
objc[39438]: Class QCocoaMenuLoader is implemented in both /usr/local/lib/python3.7/site-packages/cv2/.dylibs/QtGui (0x1093c5f40) and /usr/local/lib/python3.7/site-packages/PyQt5/Qt/plugins/platforms/libqcocoa.dylib (0x1169ee968). One of the two will be used. Which one is undefined.
objc[39438]: Class QNSImageView is implemented in both /usr/local/lib/python3.7/site-packages/cv2/.dylibs/QtGui (0x1093c6300) and /usr/local/lib/python3.7/site-packages/PyQt5/Qt/plugins/platforms/libqcocoa.dylib (0x1169eea58). One of the two will be used. Which one is undefined.
objc[39438]: Class QNSStatusItem is implemented in both /usr/local/lib/python3.7/site-packages/cv2/.dylibs/QtGui (0x1093c6350) and /usr/local/lib/python3.7/site-packages/PyQt5/Qt/plugins/platforms/libqcocoa.dylib (0x1169eeaa8). One of the two will be used. Which one is undefined.
objc[39438]: Class QNSOpenSavePanelDelegate is implemented in both /usr/local/lib/python3.7/site-packages/cv2/.dylibs/QtGui (0x1093c6120) and /usr/local/lib/python3.7/site-packages/PyQt5/Qt/plugins/platforms/libqcocoa.dylib (0x1169eeb48). One of the two will be used. Which one is undefined.
objc[39445]: Class QCocoaPageLayoutDelegate is implemented in both /usr/local/lib/python3.7/site-packages/cv2/.dylibs/QtGui (0x10aa24260) and /usr/local/lib/python3.7/site-packages/PyQt5/Qt/lib/QtPrintSupport.framework/Versions/5/QtPrintSupport (0x115b79f40). One of the two will be used. Which one is undefined.
objc[39445]: Class QCocoaPrintPanelDelegate is implemented in both /usr/local/lib/python3.7/site-packages/cv2/.dylibs/QtGui (0x10aa242d8) and /usr/local/lib/python3.7/site-packages/PyQt5/Qt/lib/QtPrintSupport.framework/Versions/5/QtPrintSupport (0x115b79f90). One of the two will be used. Which one is undefined.
objc[39445]: Class QCocoaApplicationDelegate is implemented in both /usr/local/lib/python3.7/site-packages/cv2/.dylibs/QtGui (0x10aa23fe0) and /usr/local/lib/python3.7/site-packages/PyQt5/Qt/plugins/platforms/libqcocoa.dylib (0x1180ee828). One of the two will be used. Which one is undefined.
objc[39445]: Class QNSApplication is implemented in both /usr/local/lib/python3.7/site-packages/cv2/.dylibs/QtGui (0x10aa23f90) and /usr/local/lib/python3.7/site-packages/PyQt5/Qt/plugins/platforms/libqcocoa.dylib (0x1180ee878). One of the two will be used. Which one is undefined.
objc[39445]: Class QCocoaMenuLoader is implemented in both /usr/local/lib/python3.7/site-packages/cv2/.dylibs/QtGui (0x10aa23f40) and /usr/local/lib/python3.7/site-packages/PyQt5/Qt/plugins/platforms/libqcocoa.dylib (0x1180ee968). One of the two will be used. Which one is undefined.
objc[39445]: Class QNSImageView is implemented in both /usr/local/lib/python3.7/site-packages/cv2/.dylibs/QtGui (0x10aa24300) and /usr/local/lib/python3.7/site-packages/PyQt5/Qt/plugins/platforms/libqcocoa.dylib (0x1180eea58). One of the two will be used. Which one is undefined.
objc[39445]: Class QNSStatusItem is implemented in both /usr/local/lib/python3.7/site-packages/cv2/.dylibs/QtGui (0x10aa24350) and /usr/local/lib/python3.7/site-packages/PyQt5/Qt/plugins/platforms/libqcocoa.dylib (0x1180eeaa8). One of the two will be used. Which one is undefined.
objc[39445]: Class QNSOpenSavePanelDelegate is implemented in both /usr/local/lib/python3.7/site-packages/cv2/.dylibs/QtGui (0x10aa24120) and /usr/local/lib/python3.7/site-packages/PyQt5/Qt/plugins/platforms/libqcocoa.dylib (0x1180eeb48). One of the two will be used. Which one is undefined.
objc[39450]: Class QCocoaPageLayoutDelegate is implemented in both /usr/local/lib/python3.7/site-packages/cv2/.dylibs/QtGui (0x1132ab260) and /usr/local/lib/python3.7/site-packages/PyQt5/Qt/lib/QtPrintSupport.framework/Versions/5/QtPrintSupport (0x12094ef40). One of the two will be used. Which one is undefined.
objc[39450]: Class QCocoaPrintPanelDelegate is implemented in both /usr/local/lib/python3.7/site-packages/cv2/.dylibs/QtGui (0x1132ab2d8) and /usr/local/lib/python3.7/site-packages/PyQt5/Qt/lib/QtPrintSupport.framework/Versions/5/QtPrintSupport (0x12094ef90). One of the two will be used. Which one is undefined.
objc[39450]: Class QCocoaApplicationDelegate is implemented in both /usr/local/lib/python3.7/site-packages/cv2/.dylibs/QtGui (0x1132aafe0) and /usr/local/lib/python3.7/site-packages/PyQt5/Qt/plugins/platforms/libqcocoa.dylib (0x1208ee828). One of the two will be used. Which one is undefined.
objc[39450]: Class QNSApplication is implemented in both /usr/local/lib/python3.7/site-packages/cv2/.dylibs/QtGui (0x1132aaf90) and /usr/local/lib/python3.7/site-packages/PyQt5/Qt/plugins/platforms/libqcocoa.dylib (0x1208ee878). One of the two will be used. Which one is undefined.
objc[39450]: Class QCocoaMenuLoader is implemented in both /usr/local/lib/python3.7/site-packages/cv2/.dylibs/QtGui (0x1132aaf40) and /usr/local/lib/python3.7/site-packages/PyQt5/Qt/plugins/platforms/libqcocoa.dylib (0x1208ee968). One of the two will be used. Which one is undefined.
objc[39450]: Class QNSImageView is implemented in both /usr/local/lib/python3.7/site-packages/cv2/.dylibs/QtGui (0x1132ab300) and /usr/local/lib/python3.7/site-packages/PyQt5/Qt/plugins/platforms/libqcocoa.dylib (0x1208eea58). One of the two will be used. Which one is undefined.
objc[39450]: Class QNSStatusItem is implemented in both /usr/local/lib/python3.7/site-packages/cv2/.dylibs/QtGui (0x1132ab350) and /usr/local/lib/python3.7/site-packages/PyQt5/Qt/plugins/platforms/libqcocoa.dylib (0x1208eeaa8). One of the two will be used. Which one is undefined.
objc[39450]: Class QNSOpenSavePanelDelegate is implemented in both /usr/local/lib/python3.7/site-packages/cv2/.dylibs/QtGui (0x1132ab120) and /usr/local/lib/python3.7/site-packages/PyQt5/Qt/plugins/platforms/libqcocoa.dylib (0x1208eeb48). One of the two will be used. Which one is undefined.
objc[39457]: Class QCocoaPageLayoutDelegate is implemented in both /usr/local/lib/python3.7/site-packages/cv2/.dylibs/QtGui (0x117cbe260) and /usr/local/lib/python3.7/site-packages/PyQt5/Qt/lib/QtPrintSupport.framework/Versions/5/QtPrintSupport (0x122d4df40). One of the two will be used. Which one is undefined.
objc[39457]: Class QCocoaPrintPanelDelegate is implemented in both /usr/local/lib/python3.7/site-packages/cv2/.dylibs/QtGui (0x117cbe2d8) and /usr/local/lib/python3.7/site-packages/PyQt5/Qt/lib/QtPrintSupport.framework/Versions/5/QtPrintSupport (0x122d4df90). One of the two will be used. Which one is undefined.
objc[39457]: Class QCocoaApplicationDelegate is implemented in both /usr/local/lib/python3.7/site-packages/cv2/.dylibs/QtGui (0x117cbdfe0) and /usr/local/lib/python3.7/site-packages/PyQt5/Qt/plugins/platforms/libqcocoa.dylib (0x1252ee828). One of the two will be used. Which one is undefined.
objc[39457]: Class QNSApplication is implemented in both /usr/local/lib/python3.7/site-packages/cv2/.dylibs/QtGui (0x117cbdf90) and /usr/local/lib/python3.7/site-packages/PyQt5/Qt/plugins/platforms/libqcocoa.dylib (0x1252ee878). One of the two will be used. Which one is undefined.
objc[39457]: Class QCocoaMenuLoader is implemented in both /usr/local/lib/python3.7/site-packages/cv2/.dylibs/QtGui (0x117cbdf40) and /usr/local/lib/python3.7/site-packages/PyQt5/Qt/plugins/platforms/libqcocoa.dylib (0x1252ee968). One of the two will be used. Which one is undefined.
objc[39457]: Class QNSImageView is implemented in both /usr/local/lib/python3.7/site-packages/cv2/.dylibs/QtGui (0x117cbe300) and /usr/local/lib/python3.7/site-packages/PyQt5/Qt/plugins/platforms/libqcocoa.dylib (0x1252eea58). One of the two will be used. Which one is undefined.
objc[39457]: Class QNSStatusItem is implemented in both /usr/local/lib/python3.7/site-packages/cv2/.dylibs/QtGui (0x117cbe350) and /usr/local/lib/python3.7/site-packages/PyQt5/Qt/plugins/platforms/libqcocoa.dylib (0x1252eeaa8). One of the two will be used. Which one is undefined.
objc[39457]: Class QNSOpenSavePanelDelegate is implemented in both /usr/local/lib/python3.7/site-packages/cv2/.dylibs/QtGui (0x117cbe120) and /usr/local/lib/python3.7/site-packages/PyQt5/Qt/plugins/platforms/libqcocoa.dylib (0x1252eeb48). One of the two will be used. Which one is undefined.
objc[39463]: Class QCocoaPageLayoutDelegate is implemented in both /usr/local/lib/python3.7/site-packages/cv2/.dylibs/QtGui (0x114113260) and /usr/local/lib/python3.7/site-packages/PyQt5/Qt/lib/QtPrintSupport.framework/Versions/5/QtPrintSupport (0x11f1c6f40). One of the two will be used. Which one is undefined.
objc[39463]: Class QCocoaPrintPanelDelegate is implemented in both /usr/local/lib/python3.7/site-packages/cv2/.dylibs/QtGui (0x1141132d8) and /usr/local/lib/python3.7/site-packages/PyQt5/Qt/lib/QtPrintSupport.framework/Versions/5/QtPrintSupport (0x11f1c6f90). One of the two will be used. Which one is undefined.
objc[39463]: Class QCocoaApplicationDelegate is implemented in both /usr/local/lib/python3.7/site-packages/cv2/.dylibs/QtGui (0x114112fe0) and /usr/local/lib/python3.7/site-packages/PyQt5/Qt/plugins/platforms/libqcocoa.dylib (0x1216ee828). One of the two will be used. Which one is undefined.
objc[39463]: Class QNSApplication is implemented in both /usr/local/lib/python3.7/site-packages/cv2/.dylibs/QtGui (0x114112f90) and /usr/local/lib/python3.7/site-packages/PyQt5/Qt/plugins/platforms/libqcocoa.dylib (0x1216ee878). One of the two will be used. Which one is undefined.
objc[39463]: Class QCocoaMenuLoader is implemented in both /usr/local/lib/python3.7/site-packages/cv2/.dylibs/QtGui (0x114112f40) and /usr/local/lib/python3.7/site-packages/PyQt5/Qt/plugins/platforms/libqcocoa.dylib (0x1216ee968). One of the two will be used. Which one is undefined.
objc[39463]: Class QNSImageView is implemented in both /usr/local/lib/python3.7/site-packages/cv2/.dylibs/QtGui (0x114113300) and /usr/local/lib/python3.7/site-packages/PyQt5/Qt/plugins/platforms/libqcocoa.dylib (0x1216eea58). One of the two will be used. Which one is undefined.
objc[39463]: Class QNSStatusItem is implemented in both /usr/local/lib/python3.7/site-packages/cv2/.dylibs/QtGui (0x114113350) and /usr/local/lib/python3.7/site-packages/PyQt5/Qt/plugins/platforms/libqcocoa.dylib (0x1216eeaa8). One of the two will be used. Which one is undefined.
objc[39463]: Class QNSOpenSavePanelDelegate is implemented in both /usr/local/lib/python3.7/site-packages/cv2/.dylibs/QtGui (0x114113120) and /usr/local/lib/python3.7/site-packages/PyQt5/Qt/plugins/platforms/libqcocoa.dylib (0x1216eeb48). One of the two will be used. Which one is undefined.
objc[39465]: Class QCocoaPageLayoutDelegate is implemented in both /usr/local/lib/python3.7/site-packages/cv2/.dylibs/QtGui (0x10b5f5260) and /usr/local/lib/python3.7/site-packages/PyQt5/Qt/lib/QtPrintSupport.framework/Versions/5/QtPrintSupport (0x1165dff40). One of the two will be used. Which one is undefined.
objc[39465]: Class QCocoaPrintPanelDelegate is implemented in both /usr/local/lib/python3.7/site-packages/cv2/.dylibs/QtGui (0x10b5f52d8) and /usr/local/lib/python3.7/site-packages/PyQt5/Qt/lib/QtPrintSupport.framework/Versions/5/QtPrintSupport (0x1165dff90). One of the two will be used. Which one is undefined.
objc[39465]: Class QCocoaApplicationDelegate is implemented in both /usr/local/lib/python3.7/site-packages/cv2/.dylibs/QtGui (0x10b5f4fe0) and /usr/local/lib/python3.7/site-packages/PyQt5/Qt/plugins/platforms/libqcocoa.dylib (0x118b6e828). One of the two will be used. Which one is undefined.
objc[39465]: Class QNSApplication is implemented in both /usr/local/lib/python3.7/site-packages/cv2/.dylibs/QtGui (0x10b5f4f90) and /usr/local/lib/python3.7/site-packages/PyQt5/Qt/plugins/platforms/libqcocoa.dylib (0x118b6e878). One of the two will be used. Which one is undefined.
objc[39465]: Class QCocoaMenuLoader is implemented in both /usr/local/lib/python3.7/site-packages/cv2/.dylibs/QtGui (0x10b5f4f40) and /usr/local/lib/python3.7/site-packages/PyQt5/Qt/plugins/platforms/libqcocoa.dylib (0x118b6e968). One of the two will be used. Which one is undefined.
objc[39465]: Class QNSImageView is implemented in both /usr/local/lib/python3.7/site-packages/cv2/.dylibs/QtGui (0x10b5f5300) and /usr/local/lib/python3.7/site-packages/PyQt5/Qt/plugins/platforms/libqcocoa.dylib (0x118b6ea58). One of the two will be used. Which one is undefined.
objc[39465]: Class QNSStatusItem is implemented in both /usr/local/lib/python3.7/site-packages/cv2/.dylibs/QtGui (0x10b5f5350) and /usr/local/lib/python3.7/site-packages/PyQt5/Qt/plugins/platforms/libqcocoa.dylib (0x118b6eaa8). One of the two will be used. Which one is undefined.
objc[39465]: Class QNSOpenSavePanelDelegate is implemented in both /usr/local/lib/python3.7/site-packages/cv2/.dylibs/QtGui (0x10b5f5120) and /usr/local/lib/python3.7/site-packages/PyQt5/Qt/plugins/platforms/libqcocoa.dylib (0x118b6eb48). One of the two will be used. Which one is undefined.
objc[39467]: Class QCocoaPageLayoutDelegate is implemented in both /usr/local/lib/python3.7/site-packages/cv2/.dylibs/QtGui (0x10af54260) and /usr/local/lib/python3.7/site-packages/PyQt5/Qt/lib/QtPrintSupport.framework/Versions/5/QtPrintSupport (0x1185cef40). One of the two will be used. Which one is undefined.
objc[39467]: Class QCocoaPrintPanelDelegate is implemented in both /usr/local/lib/python3.7/site-packages/cv2/.dylibs/QtGui (0x10af542d8) and /usr/local/lib/python3.7/site-packages/PyQt5/Qt/lib/QtPrintSupport.framework/Versions/5/QtPrintSupport (0x1185cef90). One of the two will be used. Which one is undefined.
objc[39467]: Class QCocoaApplicationDelegate is implemented in both /usr/local/lib/python3.7/site-packages/cv2/.dylibs/QtGui (0x10af53fe0) and /usr/local/lib/python3.7/site-packages/PyQt5/Qt/plugins/platforms/libqcocoa.dylib (0x11856e828). One of the two will be used. Which one is undefined.
objc[39467]: Class QNSApplication is implemented in both /usr/local/lib/python3.7/site-packages/cv2/.dylibs/QtGui (0x10af53f90) and /usr/local/lib/python3.7/site-packages/PyQt5/Qt/plugins/platforms/libqcocoa.dylib (0x11856e878). One of the two will be used. Which one is undefined.
objc[39467]: Class QCocoaMenuLoader is implemented in both /usr/local/lib/python3.7/site-packages/cv2/.dylibs/QtGui (0x10af53f40) and /usr/local/lib/python3.7/site-packages/PyQt5/Qt/plugins/platforms/libqcocoa.dylib (0x11856e968). One of the two will be used. Which one is undefined.
objc[39467]: Class QNSImageView is implemented in both /usr/local/lib/python3.7/site-packages/cv2/.dylibs/QtGui (0x10af54300) and /usr/local/lib/python3.7/site-packages/PyQt5/Qt/plugins/platforms/libqcocoa.dylib (0x11856ea58). One of the two will be used. Which one is undefined.
objc[39467]: Class QNSStatusItem is implemented in both /usr/local/lib/python3.7/site-packages/cv2/.dylibs/QtGui (0x10af54350) and /usr/local/lib/python3.7/site-packages/PyQt5/Qt/plugins/platforms/libqcocoa.dylib (0x11856eaa8). One of the two will be used. Which one is undefined.
objc[39467]: Class QNSOpenSavePanelDelegate is implemented in both /usr/local/lib/python3.7/site-packages/cv2/.dylibs/QtGui (0x10af54120) and /usr/local/lib/python3.7/site-packages/PyQt5/Qt/plugins/platforms/libqcocoa.dylib (0x11856eb48). One of the two will be used. Which one is undefined.
objc[39470]: Class QCocoaPageLayoutDelegate is implemented in both /usr/local/lib/python3.7/site-packages/cv2/.dylibs/QtGui (0x1111c3260) and /usr/local/lib/python3.7/site-packages/PyQt5/Qt/lib/QtPrintSupport.framework/Versions/5/QtPrintSupport (0x11e74ef40). One of the two will be used. Which one is undefined.
objc[39470]: Class QCocoaPrintPanelDelegate is implemented in both /usr/local/lib/python3.7/site-packages/cv2/.dylibs/QtGui (0x1111c32d8) and /usr/local/lib/python3.7/site-packages/PyQt5/Qt/lib/QtPrintSupport.framework/Versions/5/QtPrintSupport (0x11e74ef90). One of the two will be used. Which one is undefined.
objc[39470]: Class QCocoaApplicationDelegate is implemented in both /usr/local/lib/python3.7/site-packages/cv2/.dylibs/QtGui (0x1111c2fe0) and /usr/local/lib/python3.7/site-packages/PyQt5/Qt/plugins/platforms/libqcocoa.dylib (0x11e6ee828). One of the two will be used. Which one is undefined.
objc[39470]: Class QNSApplication is implemented in both /usr/local/lib/python3.7/site-packages/cv2/.dylibs/QtGui (0x1111c2f90) and /usr/local/lib/python3.7/site-packages/PyQt5/Qt/plugins/platforms/libqcocoa.dylib (0x11e6ee878). One of the two will be used. Which one is undefined.
objc[39470]: Class QCocoaMenuLoader is implemented in both /usr/local/lib/python3.7/site-packages/cv2/.dylibs/QtGui (0x1111c2f40) and /usr/local/lib/python3.7/site-packages/PyQt5/Qt/plugins/platforms/libqcocoa.dylib (0x11e6ee968). One of the two will be used. Which one is undefined.
objc[39470]: Class QNSImageView is implemented in both /usr/local/lib/python3.7/site-packages/cv2/.dylibs/QtGui (0x1111c3300) and /usr/local/lib/python3.7/site-packages/PyQt5/Qt/plugins/platforms/libqcocoa.dylib (0x11e6eea58). One of the two will be used. Which one is undefined.
objc[39470]: Class QNSStatusItem is implemented in both /usr/local/lib/python3.7/site-packages/cv2/.dylibs/QtGui (0x1111c3350) and /usr/local/lib/python3.7/site-packages/PyQt5/Qt/plugins/platforms/libqcocoa.dylib (0x11e6eeaa8). One of the two will be used. Which one is undefined.
objc[39470]: Class QNSOpenSavePanelDelegate is implemented in both /usr/local/lib/python3.7/site-packages/cv2/.dylibs/QtGui (0x1111c3120) and /usr/local/lib/python3.7/site-packages/PyQt5/Qt/plugins/platforms/libqcocoa.dylib (0x11e6eeb48). One of the two will be used. Which one is undefined.
objc[39478]: Class QCocoaPageLayoutDelegate is implemented in both /usr/local/lib/python3.7/site-packages/cv2/.dylibs/QtGui (0x10a9e9260) and /usr/local/lib/python3.7/site-packages/PyQt5/Qt/lib/QtPrintSupport.framework/Versions/5/QtPrintSupport (0x11a18bf40). One of the two will be used. Which one is undefined.
objc[39478]: Class QCocoaPrintPanelDelegate is implemented in both /usr/local/lib/python3.7/site-packages/cv2/.dylibs/QtGui (0x10a9e92d8) and /usr/local/lib/python3.7/site-packages/PyQt5/Qt/lib/QtPrintSupport.framework/Versions/5/QtPrintSupport (0x11a18bf90). One of the two will be used. Which one is undefined.
objc[39478]: Class QCocoaApplicationDelegate is implemented in both /usr/local/lib/python3.7/site-packages/cv2/.dylibs/QtGui (0x10a9e8fe0) and /usr/local/lib/python3.7/site-packages/PyQt5/Qt/plugins/platforms/libqcocoa.dylib (0x11c6ee828). One of the two will be used. Which one is undefined.
objc[39478]: Class QNSApplication is implemented in both /usr/local/lib/python3.7/site-packages/cv2/.dylibs/QtGui (0x10a9e8f90) and /usr/local/lib/python3.7/site-packages/PyQt5/Qt/plugins/platforms/libqcocoa.dylib (0x11c6ee878). One of the two will be used. Which one is undefined.
objc[39478]: Class QCocoaMenuLoader is implemented in both /usr/local/lib/python3.7/site-packages/cv2/.dylibs/QtGui (0x10a9e8f40) and /usr/local/lib/python3.7/site-packages/PyQt5/Qt/plugins/platforms/libqcocoa.dylib (0x11c6ee968). One of the two will be used. Which one is undefined.
objc[39478]: Class QNSImageView is implemented in both /usr/local/lib/python3.7/site-packages/cv2/.dylibs/QtGui (0x10a9e9300) and /usr/local/lib/python3.7/site-packages/PyQt5/Qt/plugins/platforms/libqcocoa.dylib (0x11c6eea58). One of the two will be used. Which one is undefined.
objc[39478]: Class QNSStatusItem is implemented in both /usr/local/lib/python3.7/site-packages/cv2/.dylibs/QtGui (0x10a9e9350) and /usr/local/lib/python3.7/site-packages/PyQt5/Qt/plugins/platforms/libqcocoa.dylib (0x11c6eeaa8). One of the two will be used. Which one is undefined.
objc[39478]: Class QNSOpenSavePanelDelegate is implemented in both /usr/local/lib/python3.7/site-packages/cv2/.dylibs/QtGui (0x10a9e9120) and /usr/local/lib/python3.7/site-packages/PyQt5/Qt/plugins/platforms/libqcocoa.dylib (0x11c6eeb48). One of the two will be used. Which one is undefined.
objc[39477]: Class QCocoaPageLayoutDelegate is implemented in both /usr/local/lib/python3.7/site-packages/cv2/.dylibs/QtGui (0x109ab6260) and /usr/local/lib/python3.7/site-packages/PyQt5/Qt/lib/QtPrintSupport.framework/Versions/5/QtPrintSupport (0x114b50f40). One of the two will be used. Which one is undefined.
objc[39477]: Class QCocoaPrintPanelDelegate is implemented in both /usr/local/lib/python3.7/site-packages/cv2/.dylibs/QtGui (0x109ab62d8) and /usr/local/lib/python3.7/site-packages/PyQt5/Qt/lib/QtPrintSupport.framework/Versions/5/QtPrintSupport (0x114b50f90). One of the two will be used. Which one is undefined.
objc[39477]: Class QCocoaApplicationDelegate is implemented in both /usr/local/lib/python3.7/site-packages/cv2/.dylibs/QtGui (0x109ab5fe0) and /usr/local/lib/python3.7/site-packages/PyQt5/Qt/plugins/platforms/libqcocoa.dylib (0x1170ee828). One of the two will be used. Which one is undefined.
objc[39477]: Class QNSApplication is implemented in both /usr/local/lib/python3.7/site-packages/cv2/.dylibs/QtGui (0x109ab5f90) and /usr/local/lib/python3.7/site-packages/PyQt5/Qt/plugins/platforms/libqcocoa.dylib (0x1170ee878). One of the two will be used. Which one is undefined.
objc[39477]: Class QCocoaMenuLoader is implemented in both /usr/local/lib/python3.7/site-packages/cv2/.dylibs/QtGui (0x109ab5f40) and /usr/local/lib/python3.7/site-packages/PyQt5/Qt/plugins/platforms/libqcocoa.dylib (0x1170ee968). One of the two will be used. Which one is undefined.
objc[39477]: Class QNSImageView is implemented in both /usr/local/lib/python3.7/site-packages/cv2/.dylibs/QtGui (0x109ab6300) and /usr/local/lib/python3.7/site-packages/PyQt5/Qt/plugins/platforms/libqcocoa.dylib (0x1170eea58). One of the two will be used. Which one is undefined.
objc[39477]: Class QNSStatusItem is implemented in both /usr/local/lib/python3.7/site-packages/cv2/.dylibs/QtGui (0x109ab6350) and /usr/local/lib/python3.7/site-packages/PyQt5/Qt/plugins/platforms/libqcocoa.dylib (0x1170eeaa8). One of the two will be used. Which one is undefined.
objc[39477]: Class QNSOpenSavePanelDelegate is implemented in both /usr/local/lib/python3.7/site-packages/cv2/.dylibs/QtGui (0x109ab6120) and /usr/local/lib/python3.7/site-packages/PyQt5/Qt/plugins/platforms/libqcocoa.dylib (0x1170eeb48). One of the two will be used. Which one is undefined.
objc[39481]: Class QCocoaPageLayoutDelegate is implemented in both /usr/local/lib/python3.7/site-packages/cv2/.dylibs/QtGui (0x10e055260) and /usr/local/lib/python3.7/site-packages/PyQt5/Qt/lib/QtPrintSupport.framework/Versions/5/QtPrintSupport (0x1191aaf40). One of the two will be used. Which one is undefined.
objc[39481]: Class QCocoaPrintPanelDelegate is implemented in both /usr/local/lib/python3.7/site-packages/cv2/.dylibs/QtGui (0x10e0552d8) and /usr/local/lib/python3.7/site-packages/PyQt5/Qt/lib/QtPrintSupport.framework/Versions/5/QtPrintSupport (0x1191aaf90). One of the two will be used. Which one is undefined.
objc[39481]: Class QCocoaApplicationDelegate is implemented in both /usr/local/lib/python3.7/site-packages/cv2/.dylibs/QtGui (0x10e054fe0) and /usr/local/lib/python3.7/site-packages/PyQt5/Qt/plugins/platforms/libqcocoa.dylib (0x11b6ee828). One of the two will be used. Which one is undefined.
objc[39481]: Class QNSApplication is implemented in both /usr/local/lib/python3.7/site-packages/cv2/.dylibs/QtGui (0x10e054f90) and /usr/local/lib/python3.7/site-packages/PyQt5/Qt/plugins/platforms/libqcocoa.dylib (0x11b6ee878). One of the two will be used. Which one is undefined.
objc[39481]: Class QCocoaMenuLoader is implemented in both /usr/local/lib/python3.7/site-packages/cv2/.dylibs/QtGui (0x10e054f40) and /usr/local/lib/python3.7/site-packages/PyQt5/Qt/plugins/platforms/libqcocoa.dylib (0x11b6ee968). One of the two will be used. Which one is undefined.
objc[39481]: Class QNSImageView is implemented in both /usr/local/lib/python3.7/site-packages/cv2/.dylibs/QtGui (0x10e055300) and /usr/local/lib/python3.7/site-packages/PyQt5/Qt/plugins/platforms/libqcocoa.dylib (0x11b6eea58). One of the two will be used. Which one is undefined.
objc[39481]: Class QNSStatusItem is implemented in both /usr/local/lib/python3.7/site-packages/cv2/.dylibs/QtGui (0x10e055350) and /usr/local/lib/python3.7/site-packages/PyQt5/Qt/plugins/platforms/libqcocoa.dylib (0x11b6eeaa8). One of the two will be used. Which one is undefined.
objc[39481]: Class QNSOpenSavePanelDelegate is implemented in both /usr/local/lib/python3.7/site-packages/cv2/.dylibs/QtGui (0x10e055120) and /usr/local/lib/python3.7/site-packages/PyQt5/Qt/plugins/platforms/libqcocoa.dylib (0x11b6eeb48). One of the two will be used. Which one is undefined.
objc[39484]: Class QCocoaPageLayoutDelegate is implemented in both /usr/local/lib/python3.7/site-packages/cv2/.dylibs/QtGui (0x1120da260) and /usr/local/lib/python3.7/site-packages/PyQt5/Qt/lib/QtPrintSupport.framework/Versions/5/QtPrintSupport (0x11f756f40). One of the two will be used. Which one is undefined.
objc[39484]: Class QCocoaPrintPanelDelegate is implemented in both /usr/local/lib/python3.7/site-packages/cv2/.dylibs/QtGui (0x1120da2d8) and /usr/local/lib/python3.7/site-packages/PyQt5/Qt/lib/QtPrintSupport.framework/Versions/5/QtPrintSupport (0x11f756f90). One of the two will be used. Which one is undefined.
objc[39484]: Class QCocoaApplicationDelegate is implemented in both /usr/local/lib/python3.7/site-packages/cv2/.dylibs/QtGui (0x1120d9fe0) and /usr/local/lib/python3.7/site-packages/PyQt5/Qt/plugins/platforms/libqcocoa.dylib (0x11f6f6828). One of the two will be used. Which one is undefined.
objc[39484]: Class QNSApplication is implemented in both /usr/local/lib/python3.7/site-packages/cv2/.dylibs/QtGui (0x1120d9f90) and /usr/local/lib/python3.7/site-packages/PyQt5/Qt/plugins/platforms/libqcocoa.dylib (0x11f6f6878). One of the two will be used. Which one is undefined.
objc[39484]: Class QCocoaMenuLoader is implemented in both /usr/local/lib/python3.7/site-packages/cv2/.dylibs/QtGui (0x1120d9f40) and /usr/local/lib/python3.7/site-packages/PyQt5/Qt/plugins/platforms/libqcocoa.dylib (0x11f6f6968). One of the two will be used. Which one is undefined.
objc[39484]: Class QNSImageView is implemented in both /usr/local/lib/python3.7/site-packages/cv2/.dylibs/QtGui (0x1120da300) and /usr/local/lib/python3.7/site-packages/PyQt5/Qt/plugins/platforms/libqcocoa.dylib (0x11f6f6a58). One of the two will be used. Which one is undefined.
objc[39484]: Class QNSStatusItem is implemented in both /usr/local/lib/python3.7/site-packages/cv2/.dylibs/QtGui (0x1120da350) and /usr/local/lib/python3.7/site-packages/PyQt5/Qt/plugins/platforms/libqcocoa.dylib (0x11f6f6aa8). One of the two will be used. Which one is undefined.
objc[39484]: Class QNSOpenSavePanelDelegate is implemented in both /usr/local/lib/python3.7/site-packages/cv2/.dylibs/QtGui (0x1120da120) and /usr/local/lib/python3.7/site-packages/PyQt5/Qt/plugins/platforms/libqcocoa.dylib (0x11f6f6b48). One of the two will be used. Which one is undefined.
objc[39486]: Class QCocoaPageLayoutDelegate is implemented in both /usr/local/lib/python3.7/site-packages/cv2/.dylibs/QtGui (0x111373260) and /usr/local/lib/python3.7/site-packages/PyQt5/Qt/lib/QtPrintSupport.framework/Versions/5/QtPrintSupport (0x11ea0ef40). One of the two will be used. Which one is undefined.
objc[39486]: Class QCocoaPrintPanelDelegate is implemented in both /usr/local/lib/python3.7/site-packages/cv2/.dylibs/QtGui (0x1113732d8) and /usr/local/lib/python3.7/site-packages/PyQt5/Qt/lib/QtPrintSupport.framework/Versions/5/QtPrintSupport (0x11ea0ef90). One of the two will be used. Which one is undefined.
objc[39486]: Class QCocoaApplicationDelegate is implemented in both /usr/local/lib/python3.7/site-packages/cv2/.dylibs/QtGui (0x111372fe0) and /usr/local/lib/python3.7/site-packages/PyQt5/Qt/plugins/platforms/libqcocoa.dylib (0x11e9ae828). One of the two will be used. Which one is undefined.
objc[39486]: Class QNSApplication is implemented in both /usr/local/lib/python3.7/site-packages/cv2/.dylibs/QtGui (0x111372f90) and /usr/local/lib/python3.7/site-packages/PyQt5/Qt/plugins/platforms/libqcocoa.dylib (0x11e9ae878). One of the two will be used. Which one is undefined.
objc[39486]: Class QCocoaMenuLoader is implemented in both /usr/local/lib/python3.7/site-packages/cv2/.dylibs/QtGui (0x111372f40) and /usr/local/lib/python3.7/site-packages/PyQt5/Qt/plugins/platforms/libqcocoa.dylib (0x11e9ae968). One of the two will be used. Which one is undefined.
objc[39486]: Class QNSImageView is implemented in both /usr/local/lib/python3.7/site-packages/cv2/.dylibs/QtGui (0x111373300) and /usr/local/lib/python3.7/site-packages/PyQt5/Qt/plugins/platforms/libqcocoa.dylib (0x11e9aea58). One of the two will be used. Which one is undefined.
objc[39486]: Class QNSStatusItem is implemented in both /usr/local/lib/python3.7/site-packages/cv2/.dylibs/QtGui (0x111373350) and /usr/local/lib/python3.7/site-packages/PyQt5/Qt/plugins/platforms/libqcocoa.dylib (0x11e9aeaa8). One of the two will be used. Which one is undefined.
objc[39486]: Class QNSOpenSavePanelDelegate is implemented in both /usr/local/lib/python3.7/site-packages/cv2/.dylibs/QtGui (0x111373120) and /usr/local/lib/python3.7/site-packages/PyQt5/Qt/plugins/platforms/libqcocoa.dylib (0x11e9aeb48). One of the two will be used. Which one is undefined.
objc[39488]: Class QCocoaPageLayoutDelegate is implemented in both /usr/local/lib/python3.7/site-packages/cv2/.dylibs/QtGui (0x1127a2260) and /usr/local/lib/python3.7/site-packages/PyQt5/Qt/lib/QtPrintSupport.framework/Versions/5/QtPrintSupport (0x11d56ff40). One of the two will be used. Which one is undefined.
objc[39488]: Class QCocoaPrintPanelDelegate is implemented in both /usr/local/lib/python3.7/site-packages/cv2/.dylibs/QtGui (0x1127a22d8) and /usr/local/lib/python3.7/site-packages/PyQt5/Qt/lib/QtPrintSupport.framework/Versions/5/QtPrintSupport (0x11d56ff90). One of the two will be used. Which one is undefined.
objc[39488]: Class QCocoaApplicationDelegate is implemented in both /usr/local/lib/python3.7/site-packages/cv2/.dylibs/QtGui (0x1127a1fe0) and /usr/local/lib/python3.7/site-packages/PyQt5/Qt/plugins/platforms/libqcocoa.dylib (0x11faee828). One of the two will be used. Which one is undefined.
objc[39488]: Class QNSApplication is implemented in both /usr/local/lib/python3.7/site-packages/cv2/.dylibs/QtGui (0x1127a1f90) and /usr/local/lib/python3.7/site-packages/PyQt5/Qt/plugins/platforms/libqcocoa.dylib (0x11faee878). One of the two will be used. Which one is undefined.
objc[39488]: Class QCocoaMenuLoader is implemented in both /usr/local/lib/python3.7/site-packages/cv2/.dylibs/QtGui (0x1127a1f40) and /usr/local/lib/python3.7/site-packages/PyQt5/Qt/plugins/platforms/libqcocoa.dylib (0x11faee968). One of the two will be used. Which one is undefined.
objc[39488]: Class QNSImageView is implemented in both /usr/local/lib/python3.7/site-packages/cv2/.dylibs/QtGui (0x1127a2300) and /usr/local/lib/python3.7/site-packages/PyQt5/Qt/plugins/platforms/libqcocoa.dylib (0x11faeea58). One of the two will be used. Which one is undefined.
objc[39488]: Class QNSStatusItem is implemented in both /usr/local/lib/python3.7/site-packages/cv2/.dylibs/QtGui (0x1127a2350) and /usr/local/lib/python3.7/site-packages/PyQt5/Qt/plugins/platforms/libqcocoa.dylib (0x11faeeaa8). One of the two will be used. Which one is undefined.
objc[39488]: Class QNSOpenSavePanelDelegate is implemented in both /usr/local/lib/python3.7/site-packages/cv2/.dylibs/QtGui (0x1127a2120) and /usr/local/lib/python3.7/site-packages/PyQt5/Qt/plugins/platforms/libqcocoa.dylib (0x11faeeb48). One of the two will be used. Which one is undefined.
objc[39490]: Class QCocoaPageLayoutDelegate is implemented in both /usr/local/lib/python3.7/site-packages/cv2/.dylibs/QtGui (0x10d476260) and /usr/local/lib/python3.7/site-packages/PyQt5/Qt/lib/QtPrintSupport.framework/Versions/5/QtPrintSupport (0x119f4ef40). One of the two will be used. Which one is undefined.
objc[39490]: Class QCocoaPrintPanelDelegate is implemented in both /usr/local/lib/python3.7/site-packages/cv2/.dylibs/QtGui (0x10d4762d8) and /usr/local/lib/python3.7/site-packages/PyQt5/Qt/lib/QtPrintSupport.framework/Versions/5/QtPrintSupport (0x119f4ef90). One of the two will be used. Which one is undefined.
objc[39490]: Class QCocoaApplicationDelegate is implemented in both /usr/local/lib/python3.7/site-packages/cv2/.dylibs/QtGui (0x10d475fe0) and /usr/local/lib/python3.7/site-packages/PyQt5/Qt/plugins/platforms/libqcocoa.dylib (0x119eee828). One of the two will be used. Which one is undefined.
objc[39490]: Class QNSApplication is implemented in both /usr/local/lib/python3.7/site-packages/cv2/.dylibs/QtGui (0x10d475f90) and /usr/local/lib/python3.7/site-packages/PyQt5/Qt/plugins/platforms/libqcocoa.dylib (0x119eee878). One of the two will be used. Which one is undefined.
objc[39490]: Class QCocoaMenuLoader is implemented in both /usr/local/lib/python3.7/site-packages/cv2/.dylibs/QtGui (0x10d475f40) and /usr/local/lib/python3.7/site-packages/PyQt5/Qt/plugins/platforms/libqcocoa.dylib (0x119eee968). One of the two will be used. Which one is undefined.
objc[39490]: Class QNSImageView is implemented in both /usr/local/lib/python3.7/site-packages/cv2/.dylibs/QtGui (0x10d476300) and /usr/local/lib/python3.7/site-packages/PyQt5/Qt/plugins/platforms/libqcocoa.dylib (0x119eeea58). One of the two will be used. Which one is undefined.
objc[39490]: Class QNSStatusItem is implemented in both /usr/local/lib/python3.7/site-packages/cv2/.dylibs/QtGui (0x10d476350) and /usr/local/lib/python3.7/site-packages/PyQt5/Qt/plugins/platforms/libqcocoa.dylib (0x119eeeaa8). One of the two will be used. Which one is undefined.
objc[39490]: Class QNSOpenSavePanelDelegate is implemented in both /usr/local/lib/python3.7/site-packages/cv2/.dylibs/QtGui (0x10d476120) and /usr/local/lib/python3.7/site-packages/PyQt5/Qt/plugins/platforms/libqcocoa.dylib (0x119eeeb48). One of the two will be used. Which one is undefined.
objc[39492]: Class QCocoaPageLayoutDelegate is implemented in both /usr/local/lib/python3.7/site-packages/cv2/.dylibs/QtGui (0x10dac9260) and /usr/local/lib/python3.7/site-packages/PyQt5/Qt/lib/QtPrintSupport.framework/Versions/5/QtPrintSupport (0x1183c5f40). One of the two will be used. Which one is undefined.
objc[39492]: Class QCocoaPrintPanelDelegate is implemented in both /usr/local/lib/python3.7/site-packages/cv2/.dylibs/QtGui (0x10dac92d8) and /usr/local/lib/python3.7/site-packages/PyQt5/Qt/lib/QtPrintSupport.framework/Versions/5/QtPrintSupport (0x1183c5f90). One of the two will be used. Which one is undefined.
objc[39492]: Class QCocoaApplicationDelegate is implemented in both /usr/local/lib/python3.7/site-packages/cv2/.dylibs/QtGui (0x10dac8fe0) and /usr/local/lib/python3.7/site-packages/PyQt5/Qt/plugins/platforms/libqcocoa.dylib (0x11a8ee828). One of the two will be used. Which one is undefined.
objc[39492]: Class QNSApplication is implemented in both /usr/local/lib/python3.7/site-packages/cv2/.dylibs/QtGui (0x10dac8f90) and /usr/local/lib/python3.7/site-packages/PyQt5/Qt/plugins/platforms/libqcocoa.dylib (0x11a8ee878). One of the two will be used. Which one is undefined.
objc[39492]: Class QCocoaMenuLoader is implemented in both /usr/local/lib/python3.7/site-packages/cv2/.dylibs/QtGui (0x10dac8f40) and /usr/local/lib/python3.7/site-packages/PyQt5/Qt/plugins/platforms/libqcocoa.dylib (0x11a8ee968). One of the two will be used. Which one is undefined.
objc[39492]: Class QNSImageView is implemented in both /usr/local/lib/python3.7/site-packages/cv2/.dylibs/QtGui (0x10dac9300) and /usr/local/lib/python3.7/site-packages/PyQt5/Qt/plugins/platforms/libqcocoa.dylib (0x11a8eea58). One of the two will be used. Which one is undefined.
objc[39492]: Class QNSStatusItem is implemented in both /usr/local/lib/python3.7/site-packages/cv2/.dylibs/QtGui (0x10dac9350) and /usr/local/lib/python3.7/site-packages/PyQt5/Qt/plugins/platforms/libqcocoa.dylib (0x11a8eeaa8). One of the two will be used. Which one is undefined.
objc[39492]: Class QNSOpenSavePanelDelegate is implemented in both /usr/local/lib/python3.7/site-packages/cv2/.dylibs/QtGui (0x10dac9120) and /usr/local/lib/python3.7/site-packages/PyQt5/Qt/plugins/platforms/libqcocoa.dylib (0x11a8eeb48). One of the two will be used. Which one is undefined.
objc[39494]: Class QCocoaPageLayoutDelegate is implemented in both /usr/local/lib/python3.7/site-packages/cv2/.dylibs/QtGui (0x10d4df260) and /usr/local/lib/python3.7/site-packages/PyQt5/Qt/lib/QtPrintSupport.framework/Versions/5/QtPrintSupport (0x11f1cef40). One of the two will be used. Which one is undefined.
objc[39494]: Class QCocoaPrintPanelDelegate is implemented in both /usr/local/lib/python3.7/site-packages/cv2/.dylibs/QtGui (0x10d4df2d8) and /usr/local/lib/python3.7/site-packages/PyQt5/Qt/lib/QtPrintSupport.framework/Versions/5/QtPrintSupport (0x11f1cef90). One of the two will be used. Which one is undefined.
objc[39494]: Class QCocoaApplicationDelegate is implemented in both /usr/local/lib/python3.7/site-packages/cv2/.dylibs/QtGui (0x10d4defe0) and /usr/local/lib/python3.7/site-packages/PyQt5/Qt/plugins/platforms/libqcocoa.dylib (0x11f16e828). One of the two will be used. Which one is undefined.
objc[39494]: Class QNSApplication is implemented in both /usr/local/lib/python3.7/site-packages/cv2/.dylibs/QtGui (0x10d4def90) and /usr/local/lib/python3.7/site-packages/PyQt5/Qt/plugins/platforms/libqcocoa.dylib (0x11f16e878). One of the two will be used. Which one is undefined.
objc[39494]: Class QCocoaMenuLoader is implemented in both /usr/local/lib/python3.7/site-packages/cv2/.dylibs/QtGui (0x10d4def40) and /usr/local/lib/python3.7/site-packages/PyQt5/Qt/plugins/platforms/libqcocoa.dylib (0x11f16e968). One of the two will be used. Which one is undefined.
objc[39494]: Class QNSImageView is implemented in both /usr/local/lib/python3.7/site-packages/cv2/.dylibs/QtGui (0x10d4df300) and /usr/local/lib/python3.7/site-packages/PyQt5/Qt/plugins/platforms/libqcocoa.dylib (0x11f16ea58). One of the two will be used. Which one is undefined.
objc[39494]: Class QNSStatusItem is implemented in both /usr/local/lib/python3.7/site-packages/cv2/.dylibs/QtGui (0x10d4df350) and /usr/local/lib/python3.7/site-packages/PyQt5/Qt/plugins/platforms/libqcocoa.dylib (0x11f16eaa8). One of the two will be used. Which one is undefined.
objc[39494]: Class QNSOpenSavePanelDelegate is implemented in both /usr/local/lib/python3.7/site-packages/cv2/.dylibs/QtGui (0x10d4df120) and /usr/local/lib/python3.7/site-packages/PyQt5/Qt/plugins/platforms/libqcocoa.dylib (0x11f16eb48). One of the two will be used. Which one is undefined.
objc[39496]: Class QCocoaPageLayoutDelegate is implemented in both /usr/local/lib/python3.7/site-packages/cv2/.dylibs/QtGui (0x116bba260) and /usr/local/lib/python3.7/site-packages/PyQt5/Qt/lib/QtPrintSupport.framework/Versions/5/QtPrintSupport (0x12424ef40). One of the two will be used. Which one is undefined.
objc[39496]: Class QCocoaPrintPanelDelegate is implemented in both /usr/local/lib/python3.7/site-packages/cv2/.dylibs/QtGui (0x116bba2d8) and /usr/local/lib/python3.7/site-packages/PyQt5/Qt/lib/QtPrintSupport.framework/Versions/5/QtPrintSupport (0x12424ef90). One of the two will be used. Which one is undefined.
objc[39496]: Class QCocoaApplicationDelegate is implemented in both /usr/local/lib/python3.7/site-packages/cv2/.dylibs/QtGui (0x116bb9fe0) and /usr/local/lib/python3.7/site-packages/PyQt5/Qt/plugins/platforms/libqcocoa.dylib (0x1241ee828). One of the two will be used. Which one is undefined.
objc[39496]: Class QNSApplication is implemented in both /usr/local/lib/python3.7/site-packages/cv2/.dylibs/QtGui (0x116bb9f90) and /usr/local/lib/python3.7/site-packages/PyQt5/Qt/plugins/platforms/libqcocoa.dylib (0x1241ee878). One of the two will be used. Which one is undefined.
objc[39496]: Class QCocoaMenuLoader is implemented in both /usr/local/lib/python3.7/site-packages/cv2/.dylibs/QtGui (0x116bb9f40) and /usr/local/lib/python3.7/site-packages/PyQt5/Qt/plugins/platforms/libqcocoa.dylib (0x1241ee968). One of the two will be used. Which one is undefined.
objc[39496]: Class QNSImageView is implemented in both /usr/local/lib/python3.7/site-packages/cv2/.dylibs/QtGui (0x116bba300) and /usr/local/lib/python3.7/site-packages/PyQt5/Qt/plugins/platforms/libqcocoa.dylib (0x1241eea58). One of the two will be used. Which one is undefined.
objc[39496]: Class QNSStatusItem is implemented in both /usr/local/lib/python3.7/site-packages/cv2/.dylibs/QtGui (0x116bba350) and /usr/local/lib/python3.7/site-packages/PyQt5/Qt/plugins/platforms/libqcocoa.dylib (0x1241eeaa8). One of the two will be used. Which one is undefined.
objc[39496]: Class QNSOpenSavePanelDelegate is implemented in both /usr/local/lib/python3.7/site-packages/cv2/.dylibs/QtGui (0x116bba120) and /usr/local/lib/python3.7/site-packages/PyQt5/Qt/plugins/platforms/libqcocoa.dylib (0x1241eeb48). One of the two will be used. Which one is undefined.
objc[39504]: Class QCocoaPageLayoutDelegate is implemented in both /usr/local/lib/python3.7/site-packages/cv2/.dylibs/QtGui (0x110767260) and /usr/local/lib/python3.7/site-packages/PyQt5/Qt/lib/QtPrintSupport.framework/Versions/5/QtPrintSupport (0x12244ef40). One of the two will be used. Which one is undefined.
objc[39504]: Class QCocoaPrintPanelDelegate is implemented in both /usr/local/lib/python3.7/site-packages/cv2/.dylibs/QtGui (0x1107672d8) and /usr/local/lib/python3.7/site-packages/PyQt5/Qt/lib/QtPrintSupport.framework/Versions/5/QtPrintSupport (0x12244ef90). One of the two will be used. Which one is undefined.
objc[39504]: Class QCocoaApplicationDelegate is implemented in both /usr/local/lib/python3.7/site-packages/cv2/.dylibs/QtGui (0x110766fe0) and /usr/local/lib/python3.7/site-packages/PyQt5/Qt/plugins/platforms/libqcocoa.dylib (0x1223ee828). One of the two will be used. Which one is undefined.
objc[39504]: Class QNSApplication is implemented in both /usr/local/lib/python3.7/site-packages/cv2/.dylibs/QtGui (0x110766f90) and /usr/local/lib/python3.7/site-packages/PyQt5/Qt/plugins/platforms/libqcocoa.dylib (0x1223ee878). One of the two will be used. Which one is undefined.
objc[39504]: Class QCocoaMenuLoader is implemented in both /usr/local/lib/python3.7/site-packages/cv2/.dylibs/QtGui (0x110766f40) and /usr/local/lib/python3.7/site-packages/PyQt5/Qt/plugins/platforms/libqcocoa.dylib (0x1223ee968). One of the two will be used. Which one is undefined.
objc[39504]: Class QNSImageView is implemented in both /usr/local/lib/python3.7/site-packages/cv2/.dylibs/QtGui (0x110767300) and /usr/local/lib/python3.7/site-packages/PyQt5/Qt/plugins/platforms/libqcocoa.dylib (0x1223eea58). One of the two will be used. Which one is undefined.
objc[39504]: Class QNSStatusItem is implemented in both /usr/local/lib/python3.7/site-packages/cv2/.dylibs/QtGui (0x110767350) and /usr/local/lib/python3.7/site-packages/PyQt5/Qt/plugins/platforms/libqcocoa.dylib (0x1223eeaa8). One of the two will be used. Which one is undefined.
objc[39504]: Class QNSOpenSavePanelDelegate is implemented in both /usr/local/lib/python3.7/site-packages/cv2/.dylibs/QtGui (0x110767120) and /usr/local/lib/python3.7/site-packages/PyQt5/Qt/plugins/platforms/libqcocoa.dylib (0x1223eeb48). One of the two will be used. Which one is undefined.
objc[39502]: Class QCocoaPageLayoutDelegate is implemented in both /usr/local/lib/python3.7/site-packages/cv2/.dylibs/QtGui (0x113e13260) and /usr/local/lib/python3.7/site-packages/PyQt5/Qt/lib/QtPrintSupport.framework/Versions/5/QtPrintSupport (0x11ef69f40). One of the two will be used. Which one is undefined.
objc[39502]: Class QCocoaPrintPanelDelegate is implemented in both /usr/local/lib/python3.7/site-packages/cv2/.dylibs/QtGui (0x113e132d8) and /usr/local/lib/python3.7/site-packages/PyQt5/Qt/lib/QtPrintSupport.framework/Versions/5/QtPrintSupport (0x11ef69f90). One of the two will be used. Which one is undefined.
objc[39502]: Class QCocoaApplicationDelegate is implemented in both /usr/local/lib/python3.7/site-packages/cv2/.dylibs/QtGui (0x113e12fe0) and /usr/local/lib/python3.7/site-packages/PyQt5/Qt/plugins/platforms/libqcocoa.dylib (0x1214ee828). One of the two will be used. Which one is undefined.
objc[39502]: Class QNSApplication is implemented in both /usr/local/lib/python3.7/site-packages/cv2/.dylibs/QtGui (0x113e12f90) and /usr/local/lib/python3.7/site-packages/PyQt5/Qt/plugins/platforms/libqcocoa.dylib (0x1214ee878). One of the two will be used. Which one is undefined.
objc[39502]: Class QCocoaMenuLoader is implemented in both /usr/local/lib/python3.7/site-packages/cv2/.dylibs/QtGui (0x113e12f40) and /usr/local/lib/python3.7/site-packages/PyQt5/Qt/plugins/platforms/libqcocoa.dylib (0x1214ee968). One of the two will be used. Which one is undefined.
objc[39502]: Class QNSImageView is implemented in both /usr/local/lib/python3.7/site-packages/cv2/.dylibs/QtGui (0x113e13300) and /usr/local/lib/python3.7/site-packages/PyQt5/Qt/plugins/platforms/libqcocoa.dylib (0x1214eea58). One of the two will be used. Which one is undefined.
objc[39502]: Class QNSStatusItem is implemented in both /usr/local/lib/python3.7/site-packages/cv2/.dylibs/QtGui (0x113e13350) and /usr/local/lib/python3.7/site-packages/PyQt5/Qt/plugins/platforms/libqcocoa.dylib (0x1214eeaa8). One of the two will be used. Which one is undefined.
objc[39502]: Class QNSOpenSavePanelDelegate is implemented in both /usr/local/lib/python3.7/site-packages/cv2/.dylibs/QtGui (0x113e13120) and /usr/local/lib/python3.7/site-packages/PyQt5/Qt/plugins/platforms/libqcocoa.dylib (0x1214eeb48). One of the two will be used. Which one is undefined.
objc[39509]: Class QCocoaPageLayoutDelegate is implemented in both /usr/local/lib/python3.7/site-packages/cv2/.dylibs/QtGui (0x10ebd3260) and /usr/local/lib/python3.7/site-packages/PyQt5/Qt/lib/QtPrintSupport.framework/Versions/5/QtPrintSupport (0x1191daf40). One of the two will be used. Which one is undefined.
objc[39509]: Class QCocoaPrintPanelDelegate is implemented in both /usr/local/lib/python3.7/site-packages/cv2/.dylibs/QtGui (0x10ebd32d8) and /usr/local/lib/python3.7/site-packages/PyQt5/Qt/lib/QtPrintSupport.framework/Versions/5/QtPrintSupport (0x1191daf90). One of the two will be used. Which one is undefined.
objc[39509]: Class QCocoaApplicationDelegate is implemented in both /usr/local/lib/python3.7/site-packages/cv2/.dylibs/QtGui (0x10ebd2fe0) and /usr/local/lib/python3.7/site-packages/PyQt5/Qt/plugins/platforms/libqcocoa.dylib (0x11b6ee828). One of the two will be used. Which one is undefined.
objc[39509]: Class QNSApplication is implemented in both /usr/local/lib/python3.7/site-packages/cv2/.dylibs/QtGui (0x10ebd2f90) and /usr/local/lib/python3.7/site-packages/PyQt5/Qt/plugins/platforms/libqcocoa.dylib (0x11b6ee878). One of the two will be used. Which one is undefined.
objc[39509]: Class QCocoaMenuLoader is implemented in both /usr/local/lib/python3.7/site-packages/cv2/.dylibs/QtGui (0x10ebd2f40) and /usr/local/lib/python3.7/site-packages/PyQt5/Qt/plugins/platforms/libqcocoa.dylib (0x11b6ee968). One of the two will be used. Which one is undefined.
objc[39509]: Class QNSImageView is implemented in both /usr/local/lib/python3.7/site-packages/cv2/.dylibs/QtGui (0x10ebd3300) and /usr/local/lib/python3.7/site-packages/PyQt5/Qt/plugins/platforms/libqcocoa.dylib (0x11b6eea58). One of the two will be used. Which one is undefined.
objc[39509]: Class QNSStatusItem is implemented in both /usr/local/lib/python3.7/site-packages/cv2/.dylibs/QtGui (0x10ebd3350) and /usr/local/lib/python3.7/site-packages/PyQt5/Qt/plugins/platforms/libqcocoa.dylib (0x11b6eeaa8). One of the two will be used. Which one is undefined.
objc[39509]: Class QNSOpenSavePanelDelegate is implemented in both /usr/local/lib/python3.7/site-packages/cv2/.dylibs/QtGui (0x10ebd3120) and /usr/local/lib/python3.7/site-packages/PyQt5/Qt/plugins/platforms/libqcocoa.dylib (0x11b6eeb48). One of the two will be used. Which one is undefined.
objc[39506]: Class QCocoaPageLayoutDelegate is implemented in both /usr/local/lib/python3.7/site-packages/cv2/.dylibs/QtGui (0x112571260) and /usr/local/lib/python3.7/site-packages/PyQt5/Qt/lib/QtPrintSupport.framework/Versions/5/QtPrintSupport (0x11fc0ef40). One of the two will be used. Which one is undefined.
objc[39506]: Class QCocoaPrintPanelDelegate is implemented in both /usr/local/lib/python3.7/site-packages/cv2/.dylibs/QtGui (0x1125712d8) and /usr/local/lib/python3.7/site-packages/PyQt5/Qt/lib/QtPrintSupport.framework/Versions/5/QtPrintSupport (0x11fc0ef90). One of the two will be used. Which one is undefined.
objc[39506]: Class QCocoaApplicationDelegate is implemented in both /usr/local/lib/python3.7/site-packages/cv2/.dylibs/QtGui (0x112570fe0) and /usr/local/lib/python3.7/site-packages/PyQt5/Qt/plugins/platforms/libqcocoa.dylib (0x11fbae828). One of the two will be used. Which one is undefined.
objc[39506]: Class QNSApplication is implemented in both /usr/local/lib/python3.7/site-packages/cv2/.dylibs/QtGui (0x112570f90) and /usr/local/lib/python3.7/site-packages/PyQt5/Qt/plugins/platforms/libqcocoa.dylib (0x11fbae878). One of the two will be used. Which one is undefined.
objc[39506]: Class QCocoaMenuLoader is implemented in both /usr/local/lib/python3.7/site-packages/cv2/.dylibs/QtGui (0x112570f40) and /usr/local/lib/python3.7/site-packages/PyQt5/Qt/plugins/platforms/libqcocoa.dylib (0x11fbae968). One of the two will be used. Which one is undefined.
objc[39506]: Class QNSImageView is implemented in both /usr/local/lib/python3.7/site-packages/cv2/.dylibs/QtGui (0x112571300) and /usr/local/lib/python3.7/site-packages/PyQt5/Qt/plugins/platforms/libqcocoa.dylib (0x11fbaea58). One of the two will be used. Which one is undefined.
objc[39506]: Class QNSStatusItem is implemented in both /usr/local/lib/python3.7/site-packages/cv2/.dylibs/QtGui (0x112571350) and /usr/local/lib/python3.7/site-packages/PyQt5/Qt/plugins/platforms/libqcocoa.dylib (0x11fbaeaa8). One of the two will be used. Which one is undefined.
objc[39506]: Class QNSOpenSavePanelDelegate is implemented in both /usr/local/lib/python3.7/site-packages/cv2/.dylibs/QtGui (0x112571120) and /usr/local/lib/python3.7/site-packages/PyQt5/Qt/plugins/platforms/libqcocoa.dylib (0x11fbaeb48). One of the two will be used. Which one is undefined.
objc[39515]: Class QCocoaPageLayoutDelegate is implemented in both /usr/local/lib/python3.7/site-packages/cv2/.dylibs/QtGui (0x107be7260) and /usr/local/lib/python3.7/site-packages/PyQt5/Qt/lib/QtPrintSupport.framework/Versions/5/QtPrintSupport (0x11857cf40). One of the two will be used. Which one is undefined.
objc[39515]: Class QCocoaPrintPanelDelegate is implemented in both /usr/local/lib/python3.7/site-packages/cv2/.dylibs/QtGui (0x107be72d8) and /usr/local/lib/python3.7/site-packages/PyQt5/Qt/lib/QtPrintSupport.framework/Versions/5/QtPrintSupport (0x11857cf90). One of the two will be used. Which one is undefined.
objc[39515]: Class QCocoaApplicationDelegate is implemented in both /usr/local/lib/python3.7/site-packages/cv2/.dylibs/QtGui (0x107be6fe0) and /usr/local/lib/python3.7/site-packages/PyQt5/Qt/plugins/platforms/libqcocoa.dylib (0x11aaee828). One of the two will be used. Which one is undefined.
objc[39515]: Class QNSApplication is implemented in both /usr/local/lib/python3.7/site-packages/cv2/.dylibs/QtGui (0x107be6f90) and /usr/local/lib/python3.7/site-packages/PyQt5/Qt/plugins/platforms/libqcocoa.dylib (0x11aaee878). One of the two will be used. Which one is undefined.
objc[39515]: Class QCocoaMenuLoader is implemented in both /usr/local/lib/python3.7/site-packages/cv2/.dylibs/QtGui (0x107be6f40) and /usr/local/lib/python3.7/site-packages/PyQt5/Qt/plugins/platforms/libqcocoa.dylib (0x11aaee968). One of the two will be used. Which one is undefined.
objc[39515]: Class QNSImageView is implemented in both /usr/local/lib/python3.7/site-packages/cv2/.dylibs/QtGui (0x107be7300) and /usr/local/lib/python3.7/site-packages/PyQt5/Qt/plugins/platforms/libqcocoa.dylib (0x11aaeea58). One of the two will be used. Which one is undefined.
objc[39515]: Class QNSStatusItem is implemented in both /usr/local/lib/python3.7/site-packages/cv2/.dylibs/QtGui (0x107be7350) and /usr/local/lib/python3.7/site-packages/PyQt5/Qt/plugins/platforms/libqcocoa.dylib (0x11aaeeaa8). One of the two will be used. Which one is undefined.
objc[39515]: Class QNSOpenSavePanelDelegate is implemented in both /usr/local/lib/python3.7/site-packages/cv2/.dylibs/QtGui (0x107be7120) and /usr/local/lib/python3.7/site-packages/PyQt5/Qt/plugins/platforms/libqcocoa.dylib (0x11aaeeb48). One of the two will be used. Which one is undefined.
objc[39517]: Class QCocoaPageLayoutDelegate is implemented in both /usr/local/lib/python3.7/site-packages/cv2/.dylibs/QtGui (0x10e301260) and /usr/local/lib/python3.7/site-packages/PyQt5/Qt/lib/QtPrintSupport.framework/Versions/5/QtPrintSupport (0x1193b4f40). One of the two will be used. Which one is undefined.
objc[39517]: Class QCocoaPrintPanelDelegate is implemented in both /usr/local/lib/python3.7/site-packages/cv2/.dylibs/QtGui (0x10e3012d8) and /usr/local/lib/python3.7/site-packages/PyQt5/Qt/lib/QtPrintSupport.framework/Versions/5/QtPrintSupport (0x1193b4f90). One of the two will be used. Which one is undefined.
objc[39517]: Class QCocoaApplicationDelegate is implemented in both /usr/local/lib/python3.7/site-packages/cv2/.dylibs/QtGui (0x10e300fe0) and /usr/local/lib/python3.7/site-packages/PyQt5/Qt/plugins/platforms/libqcocoa.dylib (0x11b8ee828). One of the two will be used. Which one is undefined.
objc[39517]: Class QNSApplication is implemented in both /usr/local/lib/python3.7/site-packages/cv2/.dylibs/QtGui (0x10e300f90) and /usr/local/lib/python3.7/site-packages/PyQt5/Qt/plugins/platforms/libqcocoa.dylib (0x11b8ee878). One of the two will be used. Which one is undefined.
objc[39517]: Class QCocoaMenuLoader is implemented in both /usr/local/lib/python3.7/site-packages/cv2/.dylibs/QtGui (0x10e300f40) and /usr/local/lib/python3.7/site-packages/PyQt5/Qt/plugins/platforms/libqcocoa.dylib (0x11b8ee968). One of the two will be used. Which one is undefined.
objc[39517]: Class QNSImageView is implemented in both /usr/local/lib/python3.7/site-packages/cv2/.dylibs/QtGui (0x10e301300) and /usr/local/lib/python3.7/site-packages/PyQt5/Qt/plugins/platforms/libqcocoa.dylib (0x11b8eea58). One of the two will be used. Which one is undefined.
objc[39517]: Class QNSStatusItem is implemented in both /usr/local/lib/python3.7/site-packages/cv2/.dylibs/QtGui (0x10e301350) and /usr/local/lib/python3.7/site-packages/PyQt5/Qt/plugins/platforms/libqcocoa.dylib (0x11b8eeaa8). One of the two will be used. Which one is undefined.
objc[39517]: Class QNSOpenSavePanelDelegate is implemented in both /usr/local/lib/python3.7/site-packages/cv2/.dylibs/QtGui (0x10e301120) and /usr/local/lib/python3.7/site-packages/PyQt5/Qt/plugins/platforms/libqcocoa.dylib (0x11b8eeb48). One of the two will be used. Which one is undefined.
objc[39514]: Class QCocoaPageLayoutDelegate is implemented in both /usr/local/lib/python3.7/site-packages/cv2/.dylibs/QtGui (0x10e9ea260) and /usr/local/lib/python3.7/site-packages/PyQt5/Qt/lib/QtPrintSupport.framework/Versions/5/QtPrintSupport (0x11bfcef40). One of the two will be used. Which one is undefined.
objc[39514]: Class QCocoaPrintPanelDelegate is implemented in both /usr/local/lib/python3.7/site-packages/cv2/.dylibs/QtGui (0x10e9ea2d8) and /usr/local/lib/python3.7/site-packages/PyQt5/Qt/lib/QtPrintSupport.framework/Versions/5/QtPrintSupport (0x11bfcef90). One of the two will be used. Which one is undefined.
objc[39514]: Class QCocoaApplicationDelegate is implemented in both /usr/local/lib/python3.7/site-packages/cv2/.dylibs/QtGui (0x10e9e9fe0) and /usr/local/lib/python3.7/site-packages/PyQt5/Qt/plugins/platforms/libqcocoa.dylib (0x11bf6e828). One of the two will be used. Which one is undefined.
objc[39514]: Class QNSApplication is implemented in both /usr/local/lib/python3.7/site-packages/cv2/.dylibs/QtGui (0x10e9e9f90) and /usr/local/lib/python3.7/site-packages/PyQt5/Qt/plugins/platforms/libqcocoa.dylib (0x11bf6e878). One of the two will be used. Which one is undefined.
objc[39514]: Class QCocoaMenuLoader is implemented in both /usr/local/lib/python3.7/site-packages/cv2/.dylibs/QtGui (0x10e9e9f40) and /usr/local/lib/python3.7/site-packages/PyQt5/Qt/plugins/platforms/libqcocoa.dylib (0x11bf6e968). One of the two will be used. Which one is undefined.
objc[39514]: Class QNSImageView is implemented in both /usr/local/lib/python3.7/site-packages/cv2/.dylibs/QtGui (0x10e9ea300) and /usr/local/lib/python3.7/site-packages/PyQt5/Qt/plugins/platforms/libqcocoa.dylib (0x11bf6ea58). One of the two will be used. Which one is undefined.
objc[39514]: Class QNSStatusItem is implemented in both /usr/local/lib/python3.7/site-packages/cv2/.dylibs/QtGui (0x10e9ea350) and /usr/local/lib/python3.7/site-packages/PyQt5/Qt/plugins/platforms/libqcocoa.dylib (0x11bf6eaa8). One of the two will be used. Which one is undefined.
objc[39514]: Class QNSOpenSavePanelDelegate is implemented in both /usr/local/lib/python3.7/site-packages/cv2/.dylibs/QtGui (0x10e9ea120) and /usr/local/lib/python3.7/site-packages/PyQt5/Qt/plugins/platforms/libqcocoa.dylib (0x11bf6eb48). One of the two will be used. Which one is undefined.
objc[39520]: Class QCocoaPageLayoutDelegate is implemented in both /usr/local/lib/python3.7/site-packages/cv2/.dylibs/QtGui (0x119022260) and /usr/local/lib/python3.7/site-packages/PyQt5/Qt/lib/QtPrintSupport.framework/Versions/5/QtPrintSupport (0x1237c8f40). One of the two will be used. Which one is undefined.
objc[39520]: Class QCocoaPrintPanelDelegate is implemented in both /usr/local/lib/python3.7/site-packages/cv2/.dylibs/QtGui (0x1190222d8) and /usr/local/lib/python3.7/site-packages/PyQt5/Qt/lib/QtPrintSupport.framework/Versions/5/QtPrintSupport (0x1237c8f90). One of the two will be used. Which one is undefined.
objc[39520]: Class QCocoaApplicationDelegate is implemented in both /usr/local/lib/python3.7/site-packages/cv2/.dylibs/QtGui (0x119021fe0) and /usr/local/lib/python3.7/site-packages/PyQt5/Qt/plugins/platforms/libqcocoa.dylib (0x125cee828). One of the two will be used. Which one is undefined.
objc[39520]: Class QNSApplication is implemented in both /usr/local/lib/python3.7/site-packages/cv2/.dylibs/QtGui (0x119021f90) and /usr/local/lib/python3.7/site-packages/PyQt5/Qt/plugins/platforms/libqcocoa.dylib (0x125cee878). One of the two will be used. Which one is undefined.
objc[39520]: Class QCocoaMenuLoader is implemented in both /usr/local/lib/python3.7/site-packages/cv2/.dylibs/QtGui (0x119021f40) and /usr/local/lib/python3.7/site-packages/PyQt5/Qt/plugins/platforms/libqcocoa.dylib (0x125cee968). One of the two will be used. Which one is undefined.
objc[39520]: Class QNSImageView is implemented in both /usr/local/lib/python3.7/site-packages/cv2/.dylibs/QtGui (0x119022300) and /usr/local/lib/python3.7/site-packages/PyQt5/Qt/plugins/platforms/libqcocoa.dylib (0x125ceea58). One of the two will be used. Which one is undefined.
objc[39520]: Class QNSStatusItem is implemented in both /usr/local/lib/python3.7/site-packages/cv2/.dylibs/QtGui (0x119022350) and /usr/local/lib/python3.7/site-packages/PyQt5/Qt/plugins/platforms/libqcocoa.dylib (0x125ceeaa8). One of the two will be used. Which one is undefined.
objc[39520]: Class QNSOpenSavePanelDelegate is implemented in both /usr/local/lib/python3.7/site-packages/cv2/.dylibs/QtGui (0x119022120) and /usr/local/lib/python3.7/site-packages/PyQt5/Qt/plugins/platforms/libqcocoa.dylib (0x125ceeb48). One of the two will be used. Which one is undefined.
objc[39522]: Class QCocoaPageLayoutDelegate is implemented in both /usr/local/lib/python3.7/site-packages/cv2/.dylibs/QtGui (0x1159ee260) and /usr/local/lib/python3.7/site-packages/PyQt5/Qt/lib/QtPrintSupport.framework/Versions/5/QtPrintSupport (0x1201def40). One of the two will be used. Which one is undefined.
objc[39522]: Class QCocoaPrintPanelDelegate is implemented in both /usr/local/lib/python3.7/site-packages/cv2/.dylibs/QtGui (0x1159ee2d8) and /usr/local/lib/python3.7/site-packages/PyQt5/Qt/lib/QtPrintSupport.framework/Versions/5/QtPrintSupport (0x1201def90). One of the two will be used. Which one is undefined.
objc[39522]: Class QCocoaApplicationDelegate is implemented in both /usr/local/lib/python3.7/site-packages/cv2/.dylibs/QtGui (0x1159edfe0) and /usr/local/lib/python3.7/site-packages/PyQt5/Qt/plugins/platforms/libqcocoa.dylib (0x1226ee828). One of the two will be used. Which one is undefined.
objc[39522]: Class QNSApplication is implemented in both /usr/local/lib/python3.7/site-packages/cv2/.dylibs/QtGui (0x1159edf90) and /usr/local/lib/python3.7/site-packages/PyQt5/Qt/plugins/platforms/libqcocoa.dylib (0x1226ee878). One of the two will be used. Which one is undefined.
objc[39522]: Class QCocoaMenuLoader is implemented in both /usr/local/lib/python3.7/site-packages/cv2/.dylibs/QtGui (0x1159edf40) and /usr/local/lib/python3.7/site-packages/PyQt5/Qt/plugins/platforms/libqcocoa.dylib (0x1226ee968). One of the two will be used. Which one is undefined.
objc[39522]: Class QNSImageView is implemented in both /usr/local/lib/python3.7/site-packages/cv2/.dylibs/QtGui (0x1159ee300) and /usr/local/lib/python3.7/site-packages/PyQt5/Qt/plugins/platforms/libqcocoa.dylib (0x1226eea58). One of the two will be used. Which one is undefined.
objc[39522]: Class QNSStatusItem is implemented in both /usr/local/lib/python3.7/site-packages/cv2/.dylibs/QtGui (0x1159ee350) and /usr/local/lib/python3.7/site-packages/PyQt5/Qt/plugins/platforms/libqcocoa.dylib (0x1226eeaa8). One of the two will be used. Which one is undefined.
objc[39522]: Class QNSOpenSavePanelDelegate is implemented in both /usr/local/lib/python3.7/site-packages/cv2/.dylibs/QtGui (0x1159ee120) and /usr/local/lib/python3.7/site-packages/PyQt5/Qt/plugins/platforms/libqcocoa.dylib (0x1226eeb48). One of the two will be used. Which one is undefined.
Getting the upcoming 10 events
no one is here
one face Detected
Amjad0
Getting the upcoming 10 events
one face and you are logged in
Getting the upcoming 10 events
no one is here
one face Detected
Amjad0
Getting the upcoming 10 events
Getting the upcoming 10 events
no one is here
one face Detected
Amjad0
Getting the upcoming 10 events
one face and you are logged in
one face and you are logged in
one face and you are logged in
